<?xml version="1.0" encoding="UTF-8"?>
<!-- Generated by org.testng.reporters.JUnitReportReporter -->
<testsuite skipped="0" hostname="IB" name="Next_TestCases.Next_LogIn_LogOut" tests="1" failures="0" timestamp="9 Nov 2020 13:22:31 GMT" time="12.973" errors="0">
  <testcase name="LogIn" time="12.973" classname="Next_TestCases.Next_LogIn_LogOut"/>
</testsuite> <!-- Next_TestCases.Next_LogIn_LogOut -->
