<?xml version="1.0" encoding="UTF-8"?>
<!-- Generated by org.testng.reporters.JUnitReportReporter -->
<testsuite skipped="0" hostname="IB" name="Next_TestCases.TestPage" tests="1" failures="0" timestamp="14 Sep 2020 14:03:34 GMT" time="7.326" errors="0">
  <testcase name="regis" time="7.326" classname="Next_TestCases.TestPage"/>
</testsuite> <!-- Next_TestCases.TestPage -->
