<?xml version="1.0" encoding="UTF-8"?>
<!-- Generated by org.testng.reporters.JUnitReportReporter -->
<testsuite skipped="0" hostname="IB" name="Academy.Test.HomePage" tests="1" failures="0" timestamp="2 Sep 2020 11:02:31 GMT" time="21.828" errors="0">
  <testcase name="regis" time="21.828" classname="Academy.Test.HomePage"/>
</testsuite> <!-- Academy.Test.HomePage -->
